{
  "RSpec": {
    "coverage": {
      "/Users/naomi/Desktop/Ruby/course/web_applications/solo_project/chitter-challenge/spec/integration/application_spec.rb": {
        "lines": [
          1,
          1,
          1,
          null,
          1,
          1,
          null,
          2,
          null,
          1,
          1,
          1,
          null,
          1,
          0,
          null,
          null,
          null,
          1,
          1,
          0,
          null,
          0,
          0,
          0,
          0,
          0,
          null,
          null,
          null,
          1,
          1,
          0,
          null,
          0,
          0,
          0,
          null,
          null,
          null,
          null,
          null,
          1,
          1,
          0,
          null,
          0,
          0,
          0,
          0,
          0,
          0,
          null,
          null,
          null,
          1,
          1,
          0,
          null,
          0,
          0,
          null,
          null,
          null
        ]
      },
      "/Users/naomi/Desktop/Ruby/course/web_applications/solo_project/chitter-challenge/app.rb": {
        "lines": [
          1,
          1,
          1,
          1,
          1,
          null,
          null,
          1,
          null,
          1,
          1,
          1,
          1,
          1,
          null,
          null,
          null,
          1,
          1,
          null,
          1,
          1,
          null,
          null,
          null,
          null,
          null,
          null,
          null,
          null,
          null
        ]
      },
      "/Users/naomi/Desktop/Ruby/course/web_applications/solo_project/chitter-challenge/lib/peep_repository.rb": {
        "lines": [
          1,
          null,
          1,
          1,
          0,
          null,
          null,
          0,
          0,
          null,
          null,
          null,
          null,
          0,
          null,
          null,
          null,
          0,
          0,
          0,
          0,
          0,
          null,
          0,
          null,
          null,
          0,
          null,
          null,
          1,
          0,
          0,
          null,
          0,
          0,
          0,
          0,
          0,
          null,
          0,
          null,
          null,
          1,
          0,
          0,
          null,
          0,
          null,
          null,
          1,
          0,
          0,
          null,
          null
        ]
      },
      "/Users/naomi/Desktop/Ruby/course/web_applications/solo_project/chitter-challenge/lib/peep.rb": {
        "lines": [
          1,
          1,
          null
        ]
      },
      "/Users/naomi/Desktop/Ruby/course/web_applications/solo_project/chitter-challenge/lib/user_repository.rb": {
        "lines": [
          1,
          null,
          1,
          1,
          null,
          null,
          0,
          0,
          null,
          null,
          null,
          null,
          0,
          null,
          null,
          null,
          0,
          0,
          0,
          0,
          0,
          null,
          0,
          null,
          null,
          0,
          null,
          null,
          1,
          0,
          0,
          null,
          0,
          0,
          0,
          0,
          0,
          null,
          0,
          null,
          null,
          1,
          0,
          0,
          null,
          0,
          null,
          null
        ]
      },
      "/Users/naomi/Desktop/Ruby/course/web_applications/solo_project/chitter-challenge/lib/user.rb": {
        "lines": [
          1,
          1,
          null
        ]
      }
    },
    "timestamp": 1670149065
  }
}
